
--- Job 14busopf_slack.gms Start 03/22/16 12:26:24 24.4.1 r50296 WEX-WEI x86 64bit/MS Windows
GAMS 24.4.1   Copyright (C) 1987-2014 GAMS Development. All rights reserved
*** License File validation failed
*** System downgraded to demonstration mode
***
*** Contact your distributor or GAMS Development Corp
*** 202-342-0180, -0181 fax, support@gams.com
*** GAMS Base Module 24.4.1 r50296 Released Dec 20, 2014 WEI x86 64bit/MS Windo
***
*** GAMS Release     : 24.4.1 r50296 WEX-WEI x86 64bit/MS Windows
*** Release Date     : Released Dec 20, 2014
*** License Date     : Dec 20, 2014
*** To use this release, you must have a valid license file
*** for this platform and the maintenance expiration date for
*** your license must be later than the License Date (Dec 20, 2014).
*** System Directory : C:\GAMS\win64\24.4\
*** License          : C:\GAMS\win64\24.4\gamslice.txt
***
*** Department of Electrical Engineering           G141107:1022AO-LNX
*** Indian Institute of Technology Bombay                            
*** DC11372 01BAM5SN                                             0000
*** License for teaching and research at degree granting institutions
***
*** Above license is invalid
--- Starting compilation
--- 14busopf_slack.gms(7) 2 Mb
--- GDXin=C:\GAMS\gamsdir\projdir\opf_hp\mat2gms_sets.gdx
--- 14busopf_slack.gms(28) 3 Mb
--- GDXin=C:\GAMS\gamsdir\projdir\opf_hp\mat2gms_Ybus.gdx
--- 14busopf_slack.gms(33) 3 Mb
--- GDXin=C:\GAMS\gamsdir\projdir\opf_hp\mat2gms_tables.gdx
--- 14busopf_slack.gms(38) 3 Mb
--- GDXin=C:\GAMS\gamsdir\projdir\opf_hp\mat2gms_para.gdx
--- 14busopf_slack.gms(43) 3 Mb
--- GDXin=C:\GAMS\gamsdir\projdir\opf_hp\mat2gms_slack.gdx
--- 14busopf_slack.gms(82) 3 Mb
--- GDXin=C:\GAMS\gamsdir\projdir\opf_hp\mat2gms_ini.gdx
--- 14busopf_slack.gms(257) 3 Mb
--- Starting execution: elapsed 0:00:00.026
--- 14busopf_slack.gms(246) 4 Mb
--- Generating NLP model OPF_trial
--- 14busopf_slack.gms(247) 6 Mb
---   209 rows  179 columns  795 non-zeroes
---   2,696 nl-code  487 nl-non-zeroes
--- 14busopf_slack.gms(247) 4 Mb
--- Executing SNOPT: elapsed 0:00:00.079

SNOPT            24.4.1 r50296 Released Dec 20, 2014 WEI x86 64bit/MS Windo

    GAMS/SNOPT, Large Scale Nonlinear SQP Solver
    S N O P T  7.2-12.1 (Jun 2013)
    P. E. Gill, UC San Diego
    W. Murray and M. A. Saunders, Stanford University
  Reading Rows...
  Reading Columns...
  Reading Instructions...

 Work space estimate computed by solver --     0.48 MB
Reading parameter(s) from "C:\GAMS\gamsdir\projdir\opf_hp\snopt.opt"
>>  major feasibility tolerance 0.001
>>  minor feasibility tolerance 0.001
Finished reading from "C:\GAMS\gamsdir\projdir\opf_hp\snopt.opt"
   Itn     4 linear constraints are feasible, starting major iterations
 Major Minor   Step   nCon    Merit      Feasibl Optimal   nS Penalty PD
     0    99 0.0E+00     1 -1.196988E+07 1.4E+00 8.5E-01    0 0.0E+00 FF   r i
     1    74 6.5E-01     2 -4.300321E+06 4.8E-01 8.0E-01    0 0.0E+00 FF N r i
   Itn       dj    Step nInf    SumInf       Objective
   100 -2.7E+01 4.6E-07    0 0.000E+00  1.22331336E+01
 Major Minor   Step   nCon    Merit      Feasibl Optimal   nS Penalty PD
     2   118 1.0E+00     4  5.351839E+04 1.0E-01 1.5E+01    5 0.0E+00 FF N r
     3    30 1.0E+00     5 -1.582889E+00 3.6E-04 8.0E-01    2 3.8E+05 TF s
     4    16 1.0E+00     7 -5.423426E-01 1.5E-03 8.6E-02    1 7.7E+02 FF  m
     5     5 1.0E+00     9 -4.864271E-01 4.0E-04 5.8E-02    1 8.4E+01 TF  m
     6     4 1.0E+00    11 -4.817190E-01 4.3E-05 2.7E-02    1 4.8E+01 TF  m
     7     1 1.0E+00    13 -4.786527E-01 2.9E-05 7.0E-03    1 4.7E+01 TF  m
     8     1 1.0E+00    15 -4.786506E-01 7.9E-09 7.4E-03    1 4.7E+01 TF N
     9     1 1.0E+00    17 -4.786476E-01 1.0E-08 4.3E-03    1 4.7E+01 TF N R
    10     1 1.0E+00    19 -4.786429E-01 2.2E-08 4.6E-03    1 4.7E+01 TF N R
    11     1 1.0E+00    21 -4.786377E-01 2.6E-08 1.1E-04    0 4.7E+01 TF N r
    12     0 1.0E+00    23 -4.786249E-01 1.1E-07 1.4E-08    0 0.0E+00 TT N r

 EXIT - Optimal Solution found, objective:      -0.4786258

--- Restarting execution
--- 14busopf_slack.gms(247) 2 Mb
--- Reading solution for model OPF_trial
--- Executing after solve: elapsed 0:00:00.349
--- 14busopf_slack.gms(254) 3 Mb
*** Status: Normal completion
--- Job 14busopf_slack.gms Stop 03/22/16 12:26:25 elapsed 0:00:00.414
