
--- Job trial_gms.gms Start 03/21/16 10:56:40 24.4.1 r50296 WEX-WEI x86 64bit/MS Windows
GAMS 24.4.1   Copyright (C) 1987-2014 GAMS Development. All rights reserved
*** License File validation failed
*** System downgraded to demonstration mode
***
*** Contact your distributor or GAMS Development Corp
*** 202-342-0180, -0181 fax, support@gams.com
*** GAMS Base Module 24.4.1 r50296 Released Dec 20, 2014 WEI x86 64bit/MS Windo
***
*** GAMS Release     : 24.4.1 r50296 WEX-WEI x86 64bit/MS Windows
*** Release Date     : Released Dec 20, 2014
*** License Date     : Dec 20, 2014
*** To use this release, you must have a valid license file
*** for this platform and the maintenance expiration date for
*** your license must be later than the License Date (Dec 20, 2014).
*** System Directory : C:\GAMS\win64\24.4\
*** License          : C:\GAMS\win64\24.4\gamslice.txt
***
*** Department of Electrical Engineering           G141107:1022AO-LNX
*** Indian Institute of Technology Bombay                            
*** DC11372 01BAM5SN                                             0000
*** License for teaching and research at degree granting institutions
***
*** Above license is invalid
--- Starting compilation
--- trial_gms.gms(6) 3 Mb
--- Starting execution: elapsed 0:00:00.106
--- trial_gms.gms(6) 4 Mb
*** Status: Normal completion
--- Job trial_gms.gms Stop 03/21/16 10:56:40 elapsed 0:00:00.180
